<?xml version="1.0" encoding="UTF-8"?>
<testng-results skipped="0" failed="0" total="2" passed="2">
  <reporter-output>
  </reporter-output>
  <suite name="Decbatch" duration-ms="90260" started-at="2017-01-21T05:52:59Z" finished-at="2017-01-21T05:54:30Z">
    <groups>
      <group name="smoke">
        <method signature="Scenario_Search.testInvalidSearch(java.util.Map)[pri:0, instance:Scenario_Component.Scenario_Search@7c29daf3]" name="testInvalidSearch" class="Scenario_Component.Scenario_Search"/>
      </group> <!-- smoke -->
    </groups>
    <test name="RegSet1" duration-ms="90260" started-at="2017-01-21T05:52:59Z" finished-at="2017-01-21T05:54:30Z">
      <class name="Scenario_Component.Scenario_Search">
        <test-method status="PASS" signature="testInvalidSearch(java.util.Map)[pri:0, instance:Scenario_Component.Scenario_Search@7c29daf3]" name="testInvalidSearch" duration-ms="46903" started-at="2017-01-21T11:23:00Z" data-provider="dp_InvalidSearch" finished-at="2017-01-21T11:23:47Z">
          <params>
            <param index="0">
              <value>
                <![CDATA[{Order=1.0, =, Execute_Flag=Y, TC_ID=GB_01, Script_name=InvalidSearch, Search_item=####$, Exp_Result=Sorry! There are no products to display.}]]>
              </value>
            </param>
          </params>
          <reporter-output>
          </reporter-output>
        </test-method> <!-- testInvalidSearch -->
        <test-method status="PASS" signature="testInvalidSearch(java.util.Map)[pri:0, instance:Scenario_Component.Scenario_Search@7c29daf3]" name="testInvalidSearch" duration-ms="43018" started-at="2017-01-21T11:23:47Z" data-provider="dp_InvalidSearch" finished-at="2017-01-21T11:24:30Z">
          <params>
            <param index="0">
              <value>
                <![CDATA[{Order=2.0, =, Execute_Flag=Y, TC_ID=GB_01, Script_name=InvalidSearch, Search_item=#****, Exp_Result=Sorry! There are no products to display.}]]>
              </value>
            </param>
          </params>
          <reporter-output>
          </reporter-output>
        </test-method> <!-- testInvalidSearch -->
      </class> <!-- Scenario_Component.Scenario_Search -->
    </test> <!-- RegSet1 -->
  </suite> <!-- Decbatch -->
</testng-results>
